<?xml version="1.0" encoding="UTF-8"?>
<robot generator="Robot 5.0.1 (Python 3.7.9 on win32)" generated="20220905 14:32:53.132" rpa="false" schemaversion="3">
<suite id="s1" name="TC" source="C:\Users\ett19809\PycharmProjects\LahtiRestaurantFinder\TC.robot">
<test id="s1-t1" name="Get Harald Restaurant's menu" line="20">
<kw name="Begin webtest" library="Common" type="SETUP">
<kw name="Open Browser" library="SeleniumLibrary">
<arg>${URL}</arg>
<arg>${BROWSER}</arg>
<doc>Opens a new browser instance to the optional ``url``.</doc>
<msg timestamp="20220905 14:32:53.602" level="INFO">Opening browser 'chrome' to base url 'https://www.google.com/'.</msg>
<status status="PASS" starttime="20220905 14:32:53.602" endtime="20220905 14:32:58.451"/>
</kw>
<kw name="Maximize Browser Window" library="SeleniumLibrary">
<doc>Maximizes current browser window.</doc>
<status status="PASS" starttime="20220905 14:32:58.451" endtime="20220905 14:32:58.585"/>
</kw>
<kw name="accept cookies" library="Common">
<kw name="Wait Until Page Contains Element" library="SeleniumLibrary">
<arg>${COOKIES}</arg>
<doc>Waits until the element ``locator`` appears on the current page.</doc>
<status status="PASS" starttime="20220905 14:32:58.587" endtime="20220905 14:32:58.617"/>
</kw>
<kw name="Click Element" library="SeleniumLibrary">
<arg>${COOKIES}</arg>
<doc>Click the element identified by ``locator``.</doc>
<msg timestamp="20220905 14:32:58.619" level="INFO">Clicking element 'xpath=(//div[@class='QS5gu sy4vM'])[2]'.</msg>
<status status="PASS" starttime="20220905 14:32:58.618" endtime="20220905 14:32:58.694"/>
</kw>
<status status="PASS" starttime="20220905 14:32:58.586" endtime="20220905 14:32:58.694"/>
</kw>
<status status="PASS" starttime="20220905 14:32:53.601" endtime="20220905 14:32:58.695"/>
</kw>
<kw name="Log" library="BuiltIn">
<arg>go to Google</arg>
<doc>Logs the given message with the given level.</doc>
<msg timestamp="20220905 14:32:58.697" level="INFO">go to Google</msg>
<status status="PASS" starttime="20220905 14:32:58.697" endtime="20220905 14:32:58.697"/>
</kw>
<kw name="search for restaurants in Lahti" library="google">
<kw name="Wait Until Page Contains Element" library="SeleniumLibrary">
<arg>${Google_input_bar}</arg>
<doc>Waits until the element ``locator`` appears on the current page.</doc>
<status status="PASS" starttime="20220905 14:32:58.700" endtime="20220905 14:32:58.722"/>
</kw>
<kw name="Input Text" library="SeleniumLibrary">
<arg>${Google_input_bar}</arg>
<arg>Best restaurants in Lahti</arg>
<doc>Types the given ``text`` into the text field identified by ``locator``.</doc>
<msg timestamp="20220905 14:32:58.724" level="INFO">Typing text 'Best restaurants in Lahti' into text field 'xpath=//input[@name='q']'.</msg>
<status status="PASS" starttime="20220905 14:32:58.723" endtime="20220905 14:32:58.841"/>
</kw>
<kw name="Press Keys" library="SeleniumLibrary">
<arg>${Google_input_bar}</arg>
<arg>ENTER</arg>
<doc>Simulates the user pressing key(s) to an element or on the active browser.</doc>
<msg timestamp="20220905 14:32:58.843" level="INFO">Sending key(s) ('ENTER',) to xpath=//input[@name='q'] element.</msg>
<msg timestamp="20220905 14:32:59.256" level="INFO">Pressing special key ENTER to element.</msg>
<msg timestamp="20220905 14:32:59.256" level="INFO">Releasing special key ENTER.</msg>
<status status="PASS" starttime="20220905 14:32:58.841" endtime="20220905 14:33:01.482"/>
</kw>
<status status="PASS" starttime="20220905 14:32:58.699" endtime="20220905 14:33:01.483"/>
</kw>
<kw name="get restaurant names" library="google">
<var>@{RestaurantNames}</var>
<kw name="Get Text" library="SeleniumLibrary">
<var>${r1_name}</var>
<arg>${r1_location}</arg>
<doc>Returns the text value of the element identified by ``locator``.</doc>
<msg timestamp="20220905 14:33:01.544" level="INFO">${r1_name} = Viikinkiravintola Harald</msg>
<status status="PASS" starttime="20220905 14:33:01.485" endtime="20220905 14:33:01.544"/>
</kw>
<kw name="Get Text" library="SeleniumLibrary">
<var>${r2_name}</var>
<arg>${r2_location}</arg>
<doc>Returns the text value of the element identified by ``locator``.</doc>
<msg timestamp="20220905 14:33:01.596" level="INFO">${r2_name} = Bistro Popot</msg>
<status status="PASS" starttime="20220905 14:33:01.545" endtime="20220905 14:33:01.597"/>
</kw>
<kw name="Get Text" library="SeleniumLibrary">
<var>${r3_name}</var>
<arg>${r3_location}</arg>
<doc>Returns the text value of the element identified by ``locator``.</doc>
<msg timestamp="20220905 14:33:01.644" level="INFO">${r3_name} = Kuja Street Food</msg>
<status status="PASS" starttime="20220905 14:33:01.597" endtime="20220905 14:33:01.644"/>
</kw>
<kw name="Log" library="BuiltIn">
<arg>${r1_name}</arg>
<doc>Logs the given message with the given level.</doc>
<msg timestamp="20220905 14:33:01.644" level="INFO">Viikinkiravintola Harald</msg>
<status status="PASS" starttime="20220905 14:33:01.644" endtime="20220905 14:33:01.644"/>
</kw>
<kw name="Log" library="BuiltIn">
<arg>${r2_name}</arg>
<doc>Logs the given message with the given level.</doc>
<msg timestamp="20220905 14:33:01.646" level="INFO">Bistro Popot</msg>
<status status="PASS" starttime="20220905 14:33:01.645" endtime="20220905 14:33:01.646"/>
</kw>
<kw name="Log" library="BuiltIn">
<arg>${r3_name}</arg>
<doc>Logs the given message with the given level.</doc>
<msg timestamp="20220905 14:33:01.647" level="INFO">Kuja Street Food</msg>
<status status="PASS" starttime="20220905 14:33:01.646" endtime="20220905 14:33:01.647"/>
</kw>
<kw name="Create List" library="BuiltIn">
<var>@{Data}</var>
<arg>${r1_name}</arg>
<arg>${r2_name}</arg>
<arg>${r3_name}</arg>
<doc>Returns a list containing given items.</doc>
<msg timestamp="20220905 14:33:01.650" level="INFO">@{Data} = [ Viikinkiravintola Harald | Bistro Popot | Kuja Street Food ]</msg>
<status status="PASS" starttime="20220905 14:33:01.649" endtime="20220905 14:33:01.651"/>
</kw>
<msg timestamp="20220905 14:33:01.652" level="INFO">@{RestaurantNames} = [ Viikinkiravintola Harald | Bistro Popot | Kuja Street Food ]</msg>
<status status="PASS" starttime="20220905 14:33:01.484" endtime="20220905 14:33:01.652"/>
</kw>
<kw name="go to Ravintola Harald" library="google">
<arg>@{RestaurantNames} [2]</arg>
<kw name="Go To" library="SeleniumLibrary">
<arg>https://www.ravintolaharald.fi/</arg>
<doc>Navigates the current browser window to the provided ``url``.</doc>
<msg timestamp="20220905 14:33:01.656" level="INFO">Opening url 'https://www.ravintolaharald.fi/'</msg>
<status status="PASS" starttime="20220905 14:33:01.655" endtime="20220905 14:33:05.673"/>
</kw>
<kw name="Get Title" library="SeleniumLibrary">
<var>${title}</var>
<doc>Returns the title of the current page.</doc>
<msg timestamp="20220905 14:33:05.686" level="INFO">${title} = Viikinkiravintola Harald</msg>
<status status="PASS" starttime="20220905 14:33:05.673" endtime="20220905 14:33:05.686"/>
</kw>
<status status="PASS" starttime="20220905 14:33:01.653" endtime="20220905 14:33:05.687"/>
</kw>
<kw name="navigate to Harald restaurant's menu" library="RavintolaHarald">
<kw name="Wait Until Element Is Enabled" library="SeleniumLibrary">
<arg>xpath=//a[text()='Lahti']</arg>
<doc>Waits until the element ``locator`` is enabled.</doc>
<status status="PASS" starttime="20220905 14:33:05.690" endtime="20220905 14:33:05.861"/>
</kw>
<kw name="Click Element" library="SeleniumLibrary">
<arg>xpath=//a[text()='Lahti']</arg>
<doc>Click the element identified by ``locator``.</doc>
<msg timestamp="20220905 14:33:05.863" level="INFO">Clicking element 'xpath=//a[text()='Lahti']'.</msg>
<status status="PASS" starttime="20220905 14:33:05.862" endtime="20220905 14:33:13.527"/>
</kw>
<status status="PASS" starttime="20220905 14:33:05.689" endtime="20220905 14:33:13.527"/>
</kw>
<kw name="go to menu of Harald rerstaurant" library="RavintolaHarald">
<kw name="Run Keyword And Continue On Failure" library="BuiltIn">
<arg>click ok</arg>
<doc>Runs the keyword and continues execution even if a failure occurs.</doc>
<kw name="click ok" library="RavintolaHarald">
<kw name="Click Element" library="SeleniumLibrary">
<arg>//button[text()='OK']</arg>
<doc>Click the element identified by ``locator``.</doc>
<msg timestamp="20220905 14:33:13.535" level="INFO">Clicking element '//button[text()='OK']'.</msg>
<status status="PASS" starttime="20220905 14:33:13.534" endtime="20220905 14:33:13.657"/>
</kw>
<status status="PASS" starttime="20220905 14:33:13.531" endtime="20220905 14:33:13.658"/>
</kw>
<status status="PASS" starttime="20220905 14:33:13.530" endtime="20220905 14:33:13.658"/>
</kw>
<kw name="Sleep" library="BuiltIn">
<arg>1s</arg>
<doc>Pauses the test executed for the given time.</doc>
<msg timestamp="20220905 14:33:14.659" level="INFO">Slept 1 second</msg>
<status status="PASS" starttime="20220905 14:33:13.658" endtime="20220905 14:33:14.659"/>
</kw>
<kw name="Mouse Over" library="SeleniumLibrary">
<arg>//a[@title='Menut']</arg>
<doc>Simulates hovering the mouse over the element ``locator``.</doc>
<msg timestamp="20220905 14:33:14.660" level="INFO">Simulating Mouse Over on element '//a[@title='Menut']'.</msg>
<status status="PASS" starttime="20220905 14:33:14.659" endtime="20220905 14:33:14.957"/>
</kw>
<kw name="Wait Until Element Is Visible" library="SeleniumLibrary">
<arg>//a[text()='A la Carte']</arg>
<doc>Waits until the element ``locator`` is visible.</doc>
<status status="PASS" starttime="20220905 14:33:14.958" endtime="20220905 14:33:14.998"/>
</kw>
<kw name="Click Element" library="SeleniumLibrary">
<arg>//a[text()='A la Carte']</arg>
<doc>Click the element identified by ``locator``.</doc>
<msg timestamp="20220905 14:33:14.999" level="INFO">Clicking element '//a[text()='A la Carte']'.</msg>
<status status="PASS" starttime="20220905 14:33:14.999" endtime="20220905 14:33:18.301"/>
</kw>
<status status="PASS" starttime="20220905 14:33:13.528" endtime="20220905 14:33:18.302"/>
</kw>
<kw name="get the ravintola harald's menu" library="RavintolaHarald">
<var>${HaraldMenu}</var>
<kw name="Get Text" library="SeleniumLibrary">
<var>${menu}</var>
<arg>(//div[@class='container'])[2]</arg>
<doc>Returns the text value of the element identified by ``locator``.</doc>
<msg timestamp="20220905 14:33:18.441" level="INFO">${menu} = VIIKINKIEN RETKET
Suurin osa annoksista voidaan muokata laktoosittomiksi tai gluteenittomiksi. Kerrothan henkilökunnallemme ruoka-allergiastasi tai ruokaintoleranssistasi.
PATAVAHTIEN VALITSEMAT MENUK...</msg>
<status status="PASS" starttime="20220905 14:33:18.305" endtime="20220905 14:33:18.441"/>
</kw>
<msg timestamp="20220905 14:33:18.443" level="INFO">${HaraldMenu} = VIIKINKIEN RETKET
Suurin osa annoksista voidaan muokata laktoosittomiksi tai gluteenittomiksi. Kerrothan henkilökunnallemme ruoka-allergiastasi tai ruokaintoleranssistasi.
PATAVAHTIEN VALITSEMAT MENUK...</msg>
<status status="PASS" starttime="20220905 14:33:18.303" endtime="20220905 14:33:18.443"/>
</kw>
<kw name="Menu 1" library="MenuCollector">
<arg>${HaraldMenu}</arg>
<status status="PASS" starttime="20220905 14:33:18.444" endtime="20220905 14:33:18.447"/>
</kw>
<kw name="End webtest" library="Common" type="TEARDOWN">
<kw name="Sleep" library="BuiltIn">
<arg>5s</arg>
<doc>Pauses the test executed for the given time.</doc>
<msg timestamp="20220905 14:33:23.455" level="INFO">Slept 5 seconds</msg>
<status status="PASS" starttime="20220905 14:33:18.451" endtime="20220905 14:33:23.455"/>
</kw>
<kw name="Close Browser" library="SeleniumLibrary">
<doc>Closes the current browser.</doc>
<status status="PASS" starttime="20220905 14:33:23.456" endtime="20220905 14:33:25.704"/>
</kw>
<status status="PASS" starttime="20220905 14:33:18.449" endtime="20220905 14:33:25.704"/>
</kw>
<tag>1</tag>
<status status="PASS" starttime="20220905 14:32:53.600" endtime="20220905 14:33:25.706"/>
</test>
<test id="s1-t2" name="Get Bistro Popot Restaurant's menu" line="31">
<kw name="Begin webtest" library="Common" type="SETUP">
<kw name="Open Browser" library="SeleniumLibrary">
<arg>${URL}</arg>
<arg>${BROWSER}</arg>
<doc>Opens a new browser instance to the optional ``url``.</doc>
<msg timestamp="20220905 14:33:25.711" level="INFO">Opening browser 'chrome' to base url 'https://www.google.com/'.</msg>
<status status="PASS" starttime="20220905 14:33:25.711" endtime="20220905 14:33:27.939"/>
</kw>
<kw name="Maximize Browser Window" library="SeleniumLibrary">
<doc>Maximizes current browser window.</doc>
<status status="PASS" starttime="20220905 14:33:27.939" endtime="20220905 14:33:28.077"/>
</kw>
<kw name="accept cookies" library="Common">
<kw name="Wait Until Page Contains Element" library="SeleniumLibrary">
<arg>${COOKIES}</arg>
<doc>Waits until the element ``locator`` appears on the current page.</doc>
<status status="PASS" starttime="20220905 14:33:28.079" endtime="20220905 14:33:28.095"/>
</kw>
<kw name="Click Element" library="SeleniumLibrary">
<arg>${COOKIES}</arg>
<doc>Click the element identified by ``locator``.</doc>
<msg timestamp="20220905 14:33:28.096" level="INFO">Clicking element 'xpath=(//div[@class='QS5gu sy4vM'])[2]'.</msg>
<status status="PASS" starttime="20220905 14:33:28.095" endtime="20220905 14:33:28.149"/>
</kw>
<status status="PASS" starttime="20220905 14:33:28.078" endtime="20220905 14:33:28.149"/>
</kw>
<status status="PASS" starttime="20220905 14:33:25.710" endtime="20220905 14:33:28.149"/>
</kw>
<kw name="Log" library="BuiltIn">
<arg>go to Google</arg>
<doc>Logs the given message with the given level.</doc>
<msg timestamp="20220905 14:33:28.150" level="INFO">go to Google</msg>
<status status="PASS" starttime="20220905 14:33:28.150" endtime="20220905 14:33:28.151"/>
</kw>
<kw name="search for restaurants in Lahti" library="google">
<kw name="Wait Until Page Contains Element" library="SeleniumLibrary">
<arg>${Google_input_bar}</arg>
<doc>Waits until the element ``locator`` appears on the current page.</doc>
<status status="PASS" starttime="20220905 14:33:28.154" endtime="20220905 14:33:28.170"/>
</kw>
<kw name="Input Text" library="SeleniumLibrary">
<arg>${Google_input_bar}</arg>
<arg>Best restaurants in Lahti</arg>
<doc>Types the given ``text`` into the text field identified by ``locator``.</doc>
<msg timestamp="20220905 14:33:28.171" level="INFO">Typing text 'Best restaurants in Lahti' into text field 'xpath=//input[@name='q']'.</msg>
<status status="PASS" starttime="20220905 14:33:28.170" endtime="20220905 14:33:28.263"/>
</kw>
<kw name="Press Keys" library="SeleniumLibrary">
<arg>${Google_input_bar}</arg>
<arg>ENTER</arg>
<doc>Simulates the user pressing key(s) to an element or on the active browser.</doc>
<msg timestamp="20220905 14:33:28.265" level="INFO">Sending key(s) ('ENTER',) to xpath=//input[@name='q'] element.</msg>
<msg timestamp="20220905 14:33:28.625" level="INFO">Pressing special key ENTER to element.</msg>
<msg timestamp="20220905 14:33:28.626" level="INFO">Releasing special key ENTER.</msg>
<status status="PASS" starttime="20220905 14:33:28.263" endtime="20220905 14:33:30.454"/>
</kw>
<status status="PASS" starttime="20220905 14:33:28.153" endtime="20220905 14:33:30.455"/>
</kw>
<kw name="get restaurant names" library="google">
<var>@{RestaurantNames}</var>
<kw name="Get Text" library="SeleniumLibrary">
<var>${r1_name}</var>
<arg>${r1_location}</arg>
<doc>Returns the text value of the element identified by ``locator``.</doc>
<msg timestamp="20220905 14:33:30.495" level="INFO">${r1_name} = Viikinkiravintola Harald</msg>
<status status="PASS" starttime="20220905 14:33:30.457" endtime="20220905 14:33:30.495"/>
</kw>
<kw name="Get Text" library="SeleniumLibrary">
<var>${r2_name}</var>
<arg>${r2_location}</arg>
<doc>Returns the text value of the element identified by ``locator``.</doc>
<msg timestamp="20220905 14:33:30.522" level="INFO">${r2_name} = Bistro Popot</msg>
<status status="PASS" starttime="20220905 14:33:30.496" endtime="20220905 14:33:30.522"/>
</kw>
<kw name="Get Text" library="SeleniumLibrary">
<var>${r3_name}</var>
<arg>${r3_location}</arg>
<doc>Returns the text value of the element identified by ``locator``.</doc>
<msg timestamp="20220905 14:33:30.550" level="INFO">${r3_name} = Kuja Street Food</msg>
<status status="PASS" starttime="20220905 14:33:30.522" endtime="20220905 14:33:30.551"/>
</kw>
<kw name="Log" library="BuiltIn">
<arg>${r1_name}</arg>
<doc>Logs the given message with the given level.</doc>
<msg timestamp="20220905 14:33:30.552" level="INFO">Viikinkiravintola Harald</msg>
<status status="PASS" starttime="20220905 14:33:30.551" endtime="20220905 14:33:30.553"/>
</kw>
<kw name="Log" library="BuiltIn">
<arg>${r2_name}</arg>
<doc>Logs the given message with the given level.</doc>
<msg timestamp="20220905 14:33:30.554" level="INFO">Bistro Popot</msg>
<status status="PASS" starttime="20220905 14:33:30.553" endtime="20220905 14:33:30.554"/>
</kw>
<kw name="Log" library="BuiltIn">
<arg>${r3_name}</arg>
<doc>Logs the given message with the given level.</doc>
<msg timestamp="20220905 14:33:30.555" level="INFO">Kuja Street Food</msg>
<status status="PASS" starttime="20220905 14:33:30.555" endtime="20220905 14:33:30.556"/>
</kw>
<kw name="Create List" library="BuiltIn">
<var>@{Data}</var>
<arg>${r1_name}</arg>
<arg>${r2_name}</arg>
<arg>${r3_name}</arg>
<doc>Returns a list containing given items.</doc>
<msg timestamp="20220905 14:33:30.557" level="INFO">@{Data} = [ Viikinkiravintola Harald | Bistro Popot | Kuja Street Food ]</msg>
<status status="PASS" starttime="20220905 14:33:30.556" endtime="20220905 14:33:30.557"/>
</kw>
<msg timestamp="20220905 14:33:30.558" level="INFO">@{RestaurantNames} = [ Viikinkiravintola Harald | Bistro Popot | Kuja Street Food ]</msg>
<status status="PASS" starttime="20220905 14:33:30.456" endtime="20220905 14:33:30.558"/>
</kw>
<kw name="go to Bistro Popot" library="google">
<arg>Bistro Popot - Bistro Popot – Ravintola Lahden keskustassa</arg>
<kw name="Go To" library="SeleniumLibrary">
<arg>https://bistropopot.fi/</arg>
<doc>Navigates the current browser window to the provided ``url``.</doc>
<msg timestamp="20220905 14:33:30.562" level="INFO">Opening url 'https://bistropopot.fi/'</msg>
<status status="PASS" starttime="20220905 14:33:30.561" endtime="20220905 14:33:51.707"/>
</kw>
<kw name="Get Title" library="SeleniumLibrary">
<var>${title}</var>
<doc>Returns the title of the current page.</doc>
<msg timestamp="20220905 14:33:51.716" level="INFO">${title} = Bistro Popot</msg>
<status status="PASS" starttime="20220905 14:33:51.707" endtime="20220905 14:33:51.716"/>
</kw>
<kw name="Sleep" library="BuiltIn">
<arg>3s</arg>
<doc>Pauses the test executed for the given time.</doc>
<msg timestamp="20220905 14:33:54.730" level="INFO">Slept 3 seconds</msg>
<status status="PASS" starttime="20220905 14:33:51.716" endtime="20220905 14:33:54.731"/>
</kw>
<kw name="Click Element" library="SeleniumLibrary">
<arg>(//a[text()='Ruokalista'])[1]</arg>
<doc>Click the element identified by ``locator``.</doc>
<msg timestamp="20220905 14:33:54.732" level="INFO">Clicking element '(//a[text()='Ruokalista'])[1]'.</msg>
<status status="PASS" starttime="20220905 14:33:54.731" endtime="20220905 14:33:56.646"/>
</kw>
<status status="PASS" starttime="20220905 14:33:30.559" endtime="20220905 14:33:56.647"/>
</kw>
<kw name="get bistro popot's menu" library="BistroPopot">
<var>@{BistroPopot}</var>
<kw name="Get Text" library="SeleniumLibrary">
<var>${starters}</var>
<arg>//section[@data-id='3feb5c5']</arg>
<doc>Returns the text value of the element identified by ``locator``.</doc>
<msg timestamp="20220905 14:33:56.710" level="INFO">${starters} = Lapsille oma lista tai lähes kaikkia annoksia saa myös puolikkaina.
Päivän keitto
Soup of the day
10,00€
Rapukroketit ja ranch-piimäkastiketta, pikkelöityjä juureksia ja salaattia (L,G)
Crab crocket w...</msg>
<status status="PASS" starttime="20220905 14:33:56.650" endtime="20220905 14:33:56.711"/>
</kw>
<kw name="Get Text" library="SeleniumLibrary">
<var>${mains}</var>
<arg>//section[@data-id='8871b04']</arg>
<doc>Returns the text value of the element identified by ``locator``.</doc>
<msg timestamp="20220905 14:33:56.781" level="INFO">${mains} = Paneroitu juuriselleripihvi, suppilovahverokastiketta, pyree grillatusta sipulista ja grillattua varsiparsakaalia Ve, G
Breaded celery steak with funnel chanterelle sauce , grilled onion pure and gril...</msg>
<status status="PASS" starttime="20220905 14:33:56.711" endtime="20220905 14:33:56.781"/>
</kw>
<kw name="Get Text" library="SeleniumLibrary">
<var>${desserts}</var>
<arg>//div[@data-id='cc2724c']</arg>
<doc>Returns the text value of the element identified by ``locator``.</doc>
<msg timestamp="20220905 14:33:56.823" level="INFO">${desserts} = Lakritsi créme brulee, vadelmamoussea ja pakastekuivattua vadelmaa L,G
Licorice créme brulee with raspberry mousse and freeze-dried raspberries
11,20€
Mustikka-blondie, mustikkasiirappia ja vaniljajää...</msg>
<status status="PASS" starttime="20220905 14:33:56.781" endtime="20220905 14:33:56.823"/>
</kw>
<kw name="Create List" library="BuiltIn">
<var>@{menu}</var>
<arg>${starters}</arg>
<arg>${mains}</arg>
<arg>${desserts}</arg>
<doc>Returns a list containing given items.</doc>
<msg timestamp="20220905 14:33:56.826" level="INFO">@{menu} = [ Lapsille oma lista tai lähes kaikkia annoksia saa myös puolikkaina.
Päivän keitto
Soup of the day
10,00€
Rapukroketit ja ranch-piimäkastiketta, pikkelöityjä juureksia ja salaattia (L,G)
Crab crocket...</msg>
<status status="PASS" starttime="20220905 14:33:56.824" endtime="20220905 14:33:56.826"/>
</kw>
<msg timestamp="20220905 14:33:56.827" level="INFO">@{BistroPopot} = [ Lapsille oma lista tai lähes kaikkia annoksia saa myös puolikkaina.
Päivän keitto
Soup of the day
10,00€
Rapukroketit ja ranch-piimäkastiketta, pikkelöityjä juureksia ja salaattia (L,G)
Crab crocket...</msg>
<status status="PASS" starttime="20220905 14:33:56.649" endtime="20220905 14:33:56.827"/>
</kw>
<kw name="Menu 2" library="MenuCollector">
<arg>@{BistroPopot} [1]</arg>
<arg>@{BistroPopot} [2]</arg>
<arg>@{BistroPopot} [3]</arg>
<status status="PASS" starttime="20220905 14:33:56.829" endtime="20220905 14:33:56.834"/>
</kw>
<kw name="End webtest" library="Common" type="TEARDOWN">
<kw name="Sleep" library="BuiltIn">
<arg>5s</arg>
<doc>Pauses the test executed for the given time.</doc>
<msg timestamp="20220905 14:34:01.848" level="INFO">Slept 5 seconds</msg>
<status status="PASS" starttime="20220905 14:33:56.838" endtime="20220905 14:34:01.848"/>
</kw>
<kw name="Close Browser" library="SeleniumLibrary">
<doc>Closes the current browser.</doc>
<status status="PASS" starttime="20220905 14:34:01.849" endtime="20220905 14:34:04.063"/>
</kw>
<status status="PASS" starttime="20220905 14:33:56.836" endtime="20220905 14:34:04.065"/>
</kw>
<tag>2</tag>
<status status="PASS" starttime="20220905 14:33:25.709" endtime="20220905 14:34:04.066"/>
</test>
<test id="s1-t3" name="Get Kuja Street's menu" line="40">
<kw name="Begin webtest" library="Common" type="SETUP">
<kw name="Open Browser" library="SeleniumLibrary">
<arg>${URL}</arg>
<arg>${BROWSER}</arg>
<doc>Opens a new browser instance to the optional ``url``.</doc>
<msg timestamp="20220905 14:34:04.073" level="INFO">Opening browser 'chrome' to base url 'https://www.google.com/'.</msg>
<status status="PASS" starttime="20220905 14:34:04.072" endtime="20220905 14:34:08.179"/>
</kw>
<kw name="Maximize Browser Window" library="SeleniumLibrary">
<doc>Maximizes current browser window.</doc>
<status status="PASS" starttime="20220905 14:34:08.179" endtime="20220905 14:34:08.311"/>
</kw>
<kw name="accept cookies" library="Common">
<kw name="Wait Until Page Contains Element" library="SeleniumLibrary">
<arg>${COOKIES}</arg>
<doc>Waits until the element ``locator`` appears on the current page.</doc>
<status status="PASS" starttime="20220905 14:34:08.313" endtime="20220905 14:34:08.331"/>
</kw>
<kw name="Click Element" library="SeleniumLibrary">
<arg>${COOKIES}</arg>
<doc>Click the element identified by ``locator``.</doc>
<msg timestamp="20220905 14:34:08.332" level="INFO">Clicking element 'xpath=(//div[@class='QS5gu sy4vM'])[2]'.</msg>
<status status="PASS" starttime="20220905 14:34:08.331" endtime="20220905 14:34:08.399"/>
</kw>
<status status="PASS" starttime="20220905 14:34:08.311" endtime="20220905 14:34:08.400"/>
</kw>
<status status="PASS" starttime="20220905 14:34:04.071" endtime="20220905 14:34:08.401"/>
</kw>
<kw name="Log" library="BuiltIn">
<arg>go to Google</arg>
<doc>Logs the given message with the given level.</doc>
<msg timestamp="20220905 14:34:08.403" level="INFO">go to Google</msg>
<status status="PASS" starttime="20220905 14:34:08.403" endtime="20220905 14:34:08.403"/>
</kw>
<kw name="search for restaurants in Lahti" library="google">
<kw name="Wait Until Page Contains Element" library="SeleniumLibrary">
<arg>${Google_input_bar}</arg>
<doc>Waits until the element ``locator`` appears on the current page.</doc>
<status status="PASS" starttime="20220905 14:34:08.406" endtime="20220905 14:34:08.428"/>
</kw>
<kw name="Input Text" library="SeleniumLibrary">
<arg>${Google_input_bar}</arg>
<arg>Best restaurants in Lahti</arg>
<doc>Types the given ``text`` into the text field identified by ``locator``.</doc>
<msg timestamp="20220905 14:34:08.430" level="INFO">Typing text 'Best restaurants in Lahti' into text field 'xpath=//input[@name='q']'.</msg>
<status status="PASS" starttime="20220905 14:34:08.429" endtime="20220905 14:34:08.564"/>
</kw>
<kw name="Press Keys" library="SeleniumLibrary">
<arg>${Google_input_bar}</arg>
<arg>ENTER</arg>
<doc>Simulates the user pressing key(s) to an element or on the active browser.</doc>
<msg timestamp="20220905 14:34:08.565" level="INFO">Sending key(s) ('ENTER',) to xpath=//input[@name='q'] element.</msg>
<msg timestamp="20220905 14:34:08.929" level="INFO">Pressing special key ENTER to element.</msg>
<msg timestamp="20220905 14:34:08.929" level="INFO">Releasing special key ENTER.</msg>
<status status="PASS" starttime="20220905 14:34:08.564" endtime="20220905 14:34:10.969"/>
</kw>
<status status="PASS" starttime="20220905 14:34:08.405" endtime="20220905 14:34:10.970"/>
</kw>
<kw name="get restaurant names" library="google">
<var>@{RestaurantNames}</var>
<kw name="Get Text" library="SeleniumLibrary">
<var>${r1_name}</var>
<arg>${r1_location}</arg>
<doc>Returns the text value of the element identified by ``locator``.</doc>
<msg timestamp="20220905 14:34:11.044" level="INFO">${r1_name} = Viikinkiravintola Harald</msg>
<status status="PASS" starttime="20220905 14:34:10.972" endtime="20220905 14:34:11.044"/>
</kw>
<kw name="Get Text" library="SeleniumLibrary">
<var>${r2_name}</var>
<arg>${r2_location}</arg>
<doc>Returns the text value of the element identified by ``locator``.</doc>
<msg timestamp="20220905 14:34:11.088" level="INFO">${r2_name} = Bistro Popot</msg>
<status status="PASS" starttime="20220905 14:34:11.045" endtime="20220905 14:34:11.089"/>
</kw>
<kw name="Get Text" library="SeleniumLibrary">
<var>${r3_name}</var>
<arg>${r3_location}</arg>
<doc>Returns the text value of the element identified by ``locator``.</doc>
<msg timestamp="20220905 14:34:11.142" level="INFO">${r3_name} = Kuja Street Food</msg>
<status status="PASS" starttime="20220905 14:34:11.089" endtime="20220905 14:34:11.142"/>
</kw>
<kw name="Log" library="BuiltIn">
<arg>${r1_name}</arg>
<doc>Logs the given message with the given level.</doc>
<msg timestamp="20220905 14:34:11.143" level="INFO">Viikinkiravintola Harald</msg>
<status status="PASS" starttime="20220905 14:34:11.142" endtime="20220905 14:34:11.143"/>
</kw>
<kw name="Log" library="BuiltIn">
<arg>${r2_name}</arg>
<doc>Logs the given message with the given level.</doc>
<msg timestamp="20220905 14:34:11.144" level="INFO">Bistro Popot</msg>
<status status="PASS" starttime="20220905 14:34:11.144" endtime="20220905 14:34:11.145"/>
</kw>
<kw name="Log" library="BuiltIn">
<arg>${r3_name}</arg>
<doc>Logs the given message with the given level.</doc>
<msg timestamp="20220905 14:34:11.145" level="INFO">Kuja Street Food</msg>
<status status="PASS" starttime="20220905 14:34:11.145" endtime="20220905 14:34:11.146"/>
</kw>
<kw name="Create List" library="BuiltIn">
<var>@{Data}</var>
<arg>${r1_name}</arg>
<arg>${r2_name}</arg>
<arg>${r3_name}</arg>
<doc>Returns a list containing given items.</doc>
<msg timestamp="20220905 14:34:11.147" level="INFO">@{Data} = [ Viikinkiravintola Harald | Bistro Popot | Kuja Street Food ]</msg>
<status status="PASS" starttime="20220905 14:34:11.146" endtime="20220905 14:34:11.147"/>
</kw>
<msg timestamp="20220905 14:34:11.149" level="INFO">@{RestaurantNames} = [ Viikinkiravintola Harald | Bistro Popot | Kuja Street Food ]</msg>
<status status="PASS" starttime="20220905 14:34:10.971" endtime="20220905 14:34:11.149"/>
</kw>
<kw name="go to Kuja Street" library="KujaStreet">
<kw name="Go To" library="SeleniumLibrary">
<arg>https://www.raflaamo.fi/fi/ravintola/lahti/kuja-street-food-lahti/menu/2298/kujan-menyy</arg>
<doc>Navigates the current browser window to the provided ``url``.</doc>
<msg timestamp="20220905 14:34:11.152" level="INFO">Opening url 'https://www.raflaamo.fi/fi/ravintola/lahti/kuja-street-food-lahti/menu/2298/kujan-menyy'</msg>
<status status="PASS" starttime="20220905 14:34:11.152" endtime="20220905 14:34:15.375"/>
</kw>
<kw name="accept cookies of Kuja Street" library="KujaStreet">
<kw name="Wait Until Element Is Visible" library="SeleniumLibrary">
<arg>//button[@class='light-button accept']</arg>
<doc>Waits until the element ``locator`` is visible.</doc>
<status status="PASS" starttime="20220905 14:34:15.377" endtime="20220905 14:34:15.425"/>
</kw>
<kw name="Click Element" library="SeleniumLibrary">
<arg>//button[@class='light-button accept']</arg>
<doc>Click the element identified by ``locator``.</doc>
<msg timestamp="20220905 14:34:15.427" level="INFO">Clicking element '//button[@class='light-button accept']'.</msg>
<status status="PASS" starttime="20220905 14:34:15.426" endtime="20220905 14:34:15.506"/>
</kw>
<status status="PASS" starttime="20220905 14:34:15.376" endtime="20220905 14:34:15.507"/>
</kw>
<status status="PASS" starttime="20220905 14:34:11.150" endtime="20220905 14:34:15.508"/>
</kw>
<kw name="get Kuja Street's menu" library="KujaStreet">
<var>@{KujaStreet}</var>
<kw name="Sleep" library="BuiltIn">
<arg>2s</arg>
<doc>Pauses the test executed for the given time.</doc>
<msg timestamp="20220905 14:34:17.516" level="INFO">Slept 2 seconds</msg>
<status status="PASS" starttime="20220905 14:34:15.511" endtime="20220905 14:34:17.516"/>
</kw>
<kw name="Wait Until Page Contains" library="SeleniumLibrary">
<arg>Lahti</arg>
<doc>Waits until ``text`` appears on the current page.</doc>
<status status="PASS" starttime="20220905 14:34:17.517" endtime="20220905 14:34:17.543"/>
</kw>
<kw name="Get Text" library="SeleniumLibrary">
<var>${snadit}</var>
<arg>//div[@class='sc-ca2a0d8a-11']</arg>
<doc>Returns the text value of the element identified by ``locator``.</doc>
<msg timestamp="20220905 14:34:17.636" level="INFO">${snadit} = Tö ranut
G
L
10,00 €
Puoli kiloa ranskalaisia, aurajuustoa, maustesiirappia, karamellisoitua pekonia, chili-valkosipulimajoneesia, Kujan omaa pippuriketsuppia, kevätsipulia ja tuoretta chiliä. Voi myö...</msg>
<status status="PASS" starttime="20220905 14:34:17.543" endtime="20220905 14:34:17.636"/>
</kw>
<kw name="Get Text" library="SeleniumLibrary">
<var>${leivat}</var>
<arg>(//div[@class='sc-ca2a0d8a-8 kkvPxA'])[2]</arg>
<doc>Returns the text value of the element identified by ``locator``.</doc>
<msg timestamp="20220905 14:34:17.694" level="INFO">${leivat} = LEIVÄT
Candy pork -sänkkäri
L
15,00 €
Paahdetun leivän välissä karamellisoitua possua, inkivääriaiolia, chimichurrissa pyöräytettyä salaattia, piparjuurikurkkua, marinoitua tomaattia, korianteria ja t...</msg>
<status status="PASS" starttime="20220905 14:34:17.636" endtime="20220905 14:34:17.695"/>
</kw>
<kw name="Get Text" library="SeleniumLibrary">
<var>${semmosii}</var>
<arg>(//div[@class='sc-ca2a0d8a-8 kkvPxA'])[4]</arg>
<doc>Returns the text value of the element identified by ``locator``.</doc>
<msg timestamp="20220905 14:34:17.751" level="INFO">${semmosii} = SEMMOSII ANNOKSII
Ribsit
G
M
21,00 €
Kujan suosikkeja! Noin puoli kiloa maustesiirapissa kieräytettyjä porsaan ribsejä, korianteria, kevätsipulia ja chiliä, lisäksi ranskalaisia ja kolmen kaalin coles...</msg>
<status status="PASS" starttime="20220905 14:34:17.695" endtime="20220905 14:34:17.751"/>
</kw>
<kw name="Get Text" library="SeleniumLibrary">
<var>${mukit}</var>
<arg>(//div[@class='sc-ca2a0d8a-8 kkvPxA'])[3]</arg>
<doc>Returns the text value of the element identified by ``locator``.</doc>
<msg timestamp="20220905 14:34:17.797" level="INFO">${mukit} = MUKIT
Lihamuki candy pork
G
L
12,00 €
Tällä kertaa lihamukissa: karamellisoitua possua, chili-valkosipulimajoneesia, sinappirelissiä, kolmen kaalin coleslaw’ta, marinoitua punasipulia,

Tipumuki
G
L
1...</msg>
<status status="PASS" starttime="20220905 14:34:17.751" endtime="20220905 14:34:17.797"/>
</kw>
<kw name="Create List" library="BuiltIn">
<var>@{menu}</var>
<arg>${snadit}</arg>
<arg>${leivat}</arg>
<arg>${semmosii}</arg>
<arg>${mukit}</arg>
<doc>Returns a list containing given items.</doc>
<msg timestamp="20220905 14:34:17.800" level="INFO">@{menu} = [ Tö ranut
G
L
10,00 €
Puoli kiloa ranskalaisia, aurajuustoa, maustesiirappia, karamellisoitua pekonia, chili-valkosipulimajoneesia, Kujan omaa pippuriketsuppia, kevätsipulia ja tuoretta chiliä. Voi m...</msg>
<status status="PASS" starttime="20220905 14:34:17.798" endtime="20220905 14:34:17.800"/>
</kw>
<msg timestamp="20220905 14:34:17.801" level="INFO">@{KujaStreet} = [ Tö ranut
G
L
10,00 €
Puoli kiloa ranskalaisia, aurajuustoa, maustesiirappia, karamellisoitua pekonia, chili-valkosipulimajoneesia, Kujan omaa pippuriketsuppia, kevätsipulia ja tuoretta chiliä. Voi m...</msg>
<status status="PASS" starttime="20220905 14:34:15.510" endtime="20220905 14:34:17.802"/>
</kw>
<kw name="Menu 3" library="MenuCollector">
<arg>@{KujaStreet} [1]</arg>
<arg>@{KujaStreet} [2]</arg>
<arg>@{KujaStreet} [3]</arg>
<arg>@{KujaStreet} [4]</arg>
<status status="PASS" starttime="20220905 14:34:17.803" endtime="20220905 14:34:17.808"/>
</kw>
<kw name="End webtest" library="Common" type="TEARDOWN">
<kw name="Sleep" library="BuiltIn">
<arg>5s</arg>
<doc>Pauses the test executed for the given time.</doc>
<msg timestamp="20220905 14:34:22.826" level="INFO">Slept 5 seconds</msg>
<status status="PASS" starttime="20220905 14:34:17.810" endtime="20220905 14:34:22.826"/>
</kw>
<kw name="Close Browser" library="SeleniumLibrary">
<doc>Closes the current browser.</doc>
<status status="PASS" starttime="20220905 14:34:22.827" endtime="20220905 14:34:25.065"/>
</kw>
<status status="PASS" starttime="20220905 14:34:17.809" endtime="20220905 14:34:25.065"/>
</kw>
<tag>3</tag>
<status status="PASS" starttime="20220905 14:34:04.070" endtime="20220905 14:34:25.066"/>
</test>
<test id="s1-t4" name="Send mail" line="49">
<kw name="Begin webtest" library="Common" type="SETUP">
<kw name="Open Browser" library="SeleniumLibrary">
<arg>${URL}</arg>
<arg>${BROWSER}</arg>
<doc>Opens a new browser instance to the optional ``url``.</doc>
<msg timestamp="20220905 14:34:25.072" level="INFO">Opening browser 'chrome' to base url 'https://www.google.com/'.</msg>
<status status="PASS" starttime="20220905 14:34:25.071" endtime="20220905 14:34:29.930"/>
</kw>
<kw name="Maximize Browser Window" library="SeleniumLibrary">
<doc>Maximizes current browser window.</doc>
<status status="PASS" starttime="20220905 14:34:29.931" endtime="20220905 14:34:30.065"/>
</kw>
<kw name="accept cookies" library="Common">
<kw name="Wait Until Page Contains Element" library="SeleniumLibrary">
<arg>${COOKIES}</arg>
<doc>Waits until the element ``locator`` appears on the current page.</doc>
<status status="PASS" starttime="20220905 14:34:30.067" endtime="20220905 14:34:30.091"/>
</kw>
<kw name="Click Element" library="SeleniumLibrary">
<arg>${COOKIES}</arg>
<doc>Click the element identified by ``locator``.</doc>
<msg timestamp="20220905 14:34:30.093" level="INFO">Clicking element 'xpath=(//div[@class='QS5gu sy4vM'])[2]'.</msg>
<status status="PASS" starttime="20220905 14:34:30.092" endtime="20220905 14:34:30.169"/>
</kw>
<status status="PASS" starttime="20220905 14:34:30.065" endtime="20220905 14:34:30.171"/>
</kw>
<status status="PASS" starttime="20220905 14:34:25.071" endtime="20220905 14:34:30.171"/>
</kw>
<kw name="navigate to mail.com login page" library="Mail">
<kw name="Go To" library="SeleniumLibrary">
<arg>https://www.mail.com/consentpage</arg>
<doc>Navigates the current browser window to the provided ``url``.</doc>
<msg timestamp="20220905 14:34:30.172" level="INFO">Opening url 'https://www.mail.com/consentpage'</msg>
<status status="PASS" starttime="20220905 14:34:30.172" endtime="20220905 14:34:31.506"/>
</kw>
<kw name="Go To" library="SeleniumLibrary">
<arg>https://www.mail.com/company/privacypolicy/</arg>
<doc>Navigates the current browser window to the provided ``url``.</doc>
<msg timestamp="20220905 14:34:31.507" level="INFO">Opening url 'https://www.mail.com/company/privacypolicy/'</msg>
<status status="PASS" starttime="20220905 14:34:31.507" endtime="20220905 14:34:33.820"/>
</kw>
<kw name="Sleep" library="BuiltIn">
<arg>3s</arg>
<doc>Pauses the test executed for the given time.</doc>
<msg timestamp="20220905 14:34:36.835" level="INFO">Slept 3 seconds</msg>
<status status="PASS" starttime="20220905 14:34:33.820" endtime="20220905 14:34:36.835"/>
</kw>
<status status="PASS" starttime="20220905 14:34:30.172" endtime="20220905 14:34:36.836"/>
</kw>
<kw name="login by using the credentials" library="Mail">
<kw name="Click Element" library="SeleniumLibrary">
<arg>//a[@data-tracking-contentposition="header.icon.login"]</arg>
<doc>Click the element identified by ``locator``.</doc>
<msg timestamp="20220905 14:34:36.837" level="INFO">Clicking element '//a[@data-tracking-contentposition="header.icon.login"]'.</msg>
<status status="PASS" starttime="20220905 14:34:36.837" endtime="20220905 14:34:37.662"/>
</kw>
<kw name="Wait Until Page Contains" library="SeleniumLibrary">
<arg>Search</arg>
<doc>Waits until ``text`` appears on the current page.</doc>
<status status="PASS" starttime="20220905 14:34:37.662" endtime="20220905 14:34:37.689"/>
</kw>
<kw name="Click Element" library="SeleniumLibrary">
<arg>//a[@id='login-button']</arg>
<doc>Click the element identified by ``locator``.</doc>
<msg timestamp="20220905 14:34:37.690" level="INFO">Clicking element '//a[@id='login-button']'.</msg>
<status status="PASS" starttime="20220905 14:34:37.689" endtime="20220905 14:34:37.755"/>
</kw>
<kw name="Wait Until Element Is Visible" library="SeleniumLibrary">
<arg>${Login_locator}</arg>
<doc>Waits until the element ``locator`` is visible.</doc>
<status status="PASS" starttime="20220905 14:34:37.756" endtime="20220905 14:34:38.042"/>
</kw>
<kw name="Input Text" library="SeleniumLibrary">
<arg>${login_locator}</arg>
<arg>${login_mail}</arg>
<doc>Types the given ``text`` into the text field identified by ``locator``.</doc>
<msg timestamp="20220905 14:34:38.045" level="INFO">Typing text 'EtteplanReceiver@europe.com' into text field '//*[@id='login-email']'.</msg>
<status status="PASS" starttime="20220905 14:34:38.043" endtime="20220905 14:34:38.153"/>
</kw>
<kw name="Input Text" library="SeleniumLibrary">
<arg>${password_locator}</arg>
<arg>${password_mail}</arg>
<doc>Types the given ``text`` into the text field identified by ``locator``.</doc>
<msg timestamp="20220905 14:34:38.154" level="INFO">Typing text 'Password#1234' into text field '//*[@id='login-password']'.</msg>
<status status="PASS" starttime="20220905 14:34:38.153" endtime="20220905 14:34:38.289"/>
</kw>
<kw name="Click Element" library="SeleniumLibrary">
<arg>${Login_button}</arg>
<doc>Click the element identified by ``locator``.</doc>
<msg timestamp="20220905 14:34:38.291" level="INFO">Clicking element '//button[@class='btn btn-block login-submit']'.</msg>
<status status="PASS" starttime="20220905 14:34:38.290" endtime="20220905 14:34:42.807"/>
</kw>
<status status="PASS" starttime="20220905 14:34:36.836" endtime="20220905 14:34:42.808"/>
</kw>
<kw name="send the mail" library="Mail">
<kw name="compose mail" library="Mail">
<kw name="Click Element" library="SeleniumLibrary">
<arg>(//span[text()='E-mail'])[1]</arg>
<doc>Click the element identified by ``locator``.</doc>
<msg timestamp="20220905 14:34:42.812" level="INFO">Clicking element '(//span[text()='E-mail'])[1]'.</msg>
<status status="PASS" starttime="20220905 14:34:42.811" endtime="20220905 14:34:43.021"/>
</kw>
<kw name="Sleep" library="BuiltIn">
<arg>1s</arg>
<doc>Pauses the test executed for the given time.</doc>
<msg timestamp="20220905 14:34:44.035" level="INFO">Slept 1 second</msg>
<status status="PASS" starttime="20220905 14:34:43.021" endtime="20220905 14:34:44.035"/>
</kw>
<kw name="Select Frame" library="SeleniumLibrary">
<arg>id=thirdPartyFrame_mail</arg>
<doc>Sets frame identified by ``locator`` as the current frame.</doc>
<msg timestamp="20220905 14:34:44.035" level="INFO">Selecting frame 'id=thirdPartyFrame_mail'.</msg>
<status status="PASS" starttime="20220905 14:34:44.035" endtime="20220905 14:34:44.077"/>
</kw>
<kw name="Click Element" library="SeleniumLibrary">
<arg>//a[@data-webdriver="emailLink"]</arg>
<doc>Click the element identified by ``locator``.</doc>
<msg timestamp="20220905 14:34:44.079" level="INFO">Clicking element '//a[@data-webdriver="emailLink"]'.</msg>
<status status="PASS" starttime="20220905 14:34:44.078" endtime="20220905 14:34:44.355"/>
</kw>
<kw name="Sleep" library="BuiltIn">
<arg>3s</arg>
<doc>Pauses the test executed for the given time.</doc>
<msg timestamp="20220905 14:34:47.361" level="INFO">Slept 3 seconds</msg>
<status status="PASS" starttime="20220905 14:34:44.356" endtime="20220905 14:34:47.361"/>
</kw>
<kw name="Unselect Frame" library="SeleniumLibrary">
<doc>Sets the main frame as the current frame.</doc>
<status status="PASS" starttime="20220905 14:34:47.362" endtime="20220905 14:34:47.369"/>
</kw>
<kw name="Select Frame" library="SeleniumLibrary">
<arg>xpath=//*[@id="thirdPartyFrame_mail"]</arg>
<doc>Sets frame identified by ``locator`` as the current frame.</doc>
<msg timestamp="20220905 14:34:47.371" level="INFO">Selecting frame 'xpath=//*[@id="thirdPartyFrame_mail"]'.</msg>
<status status="PASS" starttime="20220905 14:34:47.370" endtime="20220905 14:34:47.422"/>
</kw>
<kw name="Input Text" library="SeleniumLibrary">
<arg>xpath=/html/body/div[3]/div[3]/div[3]/div[1]/div[1]/div/form/div[2]/div[1]/div[2]/div[1]/div[1]/div[2]/div/div/ul/li/input</arg>
<arg>${Receiver}</arg>
<doc>Types the given ``text`` into the text field identified by ``locator``.</doc>
<msg timestamp="20220905 14:34:47.424" level="INFO">Typing text 'EtteplanReceiver@europe.com' into text field 'xpath=/html/body/div[3]/div[3]/div[3]/div[1]/div[1]/div/form/div[2]/div[1]/div[2]/div[1]/div[1]/div[2]/div/div/ul/li/input'.</msg>
<status status="PASS" starttime="20220905 14:34:47.423" endtime="20220905 14:34:47.629"/>
</kw>
<kw name="Unselect Frame" library="SeleniumLibrary">
<doc>Sets the main frame as the current frame.</doc>
<status status="PASS" starttime="20220905 14:34:47.630" endtime="20220905 14:34:47.650"/>
</kw>
<kw name="Select Frame" library="SeleniumLibrary">
<arg>xpath=//*[@id="thirdPartyFrame_mail"]</arg>
<doc>Sets frame identified by ``locator`` as the current frame.</doc>
<msg timestamp="20220905 14:34:47.651" level="INFO">Selecting frame 'xpath=//*[@id="thirdPartyFrame_mail"]'.</msg>
<status status="PASS" starttime="20220905 14:34:47.650" endtime="20220905 14:34:47.684"/>
</kw>
<kw name="Select Frame" library="SeleniumLibrary">
<arg>xpath=//*[@id="cke_1_contents"]/iframe</arg>
<doc>Sets frame identified by ``locator`` as the current frame.</doc>
<msg timestamp="20220905 14:34:47.686" level="INFO">Selecting frame 'xpath=//*[@id="cke_1_contents"]/iframe'.</msg>
<status status="PASS" starttime="20220905 14:34:47.685" endtime="20220905 14:34:47.735"/>
</kw>
<kw name="Wait Until Element Is Visible" library="SeleniumLibrary">
<arg>id=body</arg>
<doc>Waits until the element ``locator`` is visible.</doc>
<status status="PASS" starttime="20220905 14:34:47.736" endtime="20220905 14:34:47.783"/>
</kw>
<status status="PASS" starttime="20220905 14:34:42.811" endtime="20220905 14:34:47.784"/>
</kw>
<status status="PASS" starttime="20220905 14:34:42.809" endtime="20220905 14:34:47.785"/>
</kw>
<kw name="Txt To String" library="MenuCollector">
<var>${txt}</var>
<msg timestamp="20220905 14:34:47.788" level="INFO">${txt} = VIIKINKIEN RETKET
Suurin osa annoksista voidaan muokata laktoosittomiksi tai gluteenittomiksi. Kerrothan henkilökunnallemme ruoka-allergiastasi tai ruokaintoleranssistasi.
PATAVAHTIEN VALITSEMAT MENUK...</msg>
<status status="PASS" starttime="20220905 14:34:47.786" endtime="20220905 14:34:47.788"/>
</kw>
<kw name="txt to string" library="Mail">
<arg>${txt}</arg>
<kw name="Input Text" library="SeleniumLibrary">
<arg>id=body</arg>
<arg>${txt}</arg>
<doc>Types the given ``text`` into the text field identified by ``locator``.</doc>
<msg timestamp="20220905 14:34:47.792" level="INFO">Typing text 'VIIKINKIEN RETKET
Suurin osa annoksista voidaan muokata laktoosittomiksi tai gluteenittomiksi. Kerrothan henkilökunnallemme ruoka-allergiastasi tai ruokaintoleranssistasi.
PATAVAHTIEN VALITSEMAT MENUKOKONAISUUDET VALMIIKSI MIETITTYINÄ
HARALD SINIHAMPAAN RETKI – 44,90
EVAKON LOHIPIIRAKKA M
Riisipiirakan päälle kootaan punajuurigraavattua lohta, mummon fenkolikurkkuja ja ituja vierellään sinappihummusta ja jokirapuja.
BROILERIA BIRKAN TARHASTA L, G
Pariloitua broilerinrintaa ja paistettua Kolatun vuohenjuustocheddaria, Viikinkien kilpiperunaa, karhunvatukkakastia, paahdettuja juureksia sekä raparperihilloketta.
VALHALLAN SUKLAAKAKKUA L (SISÄLTÄÄ GLUTEENITONTA KAURAA)
Valhalla-nougatkuorrutettua suklaakakkua ja mansikka-raparperisorbettia koristettuna pähkinä-kauragranolalla ja kauden marjoilla.
  GORM VANHAN RETKI  – 50,80 €
SIENIKEITTOA EMBLAN PADASTA L
Kermaisen pehmeää sienikeittoa kauden sienistä, paahdettua saaristolaisleipää ja kirnuvoita.
ANDVARIN LOHTA L, G
Paistettua merilohta, jokirapuja ja merileväkaviaaria, perunavoita sekä yrttiöljyssä paistettuja kauden kasviksia ja skyr-kananmunakastiketta.
HALTIJAVÄEN RÄISKÄLEET L
Gluteenittomana +2 €
Paistettuja lettuja ja kirnupiimämoussea kettukarkkijäätelön, kauden marjojen ja mansikkahillon kera.
  ERIK PUNAISEN RETKI – 35,70 €
VÖLAN VIHREÄ SALAATTI VE, M
Raikasta salaattia ja metsämarjavinegretteä, ituja, pikkelöityä tomaattia, mummon fenkolikurkkuja, retiisiä, belugalinssejä, hunajamelonisalsaa sekä punajuuririeskaa.
TERVANPOLTTAJAN TEMPEPIHVI VE, M
Terva-bbq-marinoitua hernetempepihviä ja paistettua sydänsalaattia, paistos mustasta kvinoasta, kaurasta ja soijapavuista, savumantelikastia, sinappihummusta ja punajuuririeskaa.
HUNAJASUUN RIISIPIIRAKKA VE, M
Sokerihuurrettu riisipiirakka, korvapuustimoussea ja mansikkahilloa sekä kauden marjoja.
  BJÖRN RAUTAKYLJEN RETKI – 52,10 €
PIIKA-PLIKAN ALKUHYVÄ L
Punajuurigraavattua lohta, tervasilakkaa, revittyä naudanposkea, isokauriin­salamia, sinappihummusta, mummon fenkolikurkkua, ituja ja retiisiä sekä saaristolaisleivällä savuhirvimoussea.
ROIHUJEN RANNIKON ROSVOPAISTIA L, G
Karitsan rosvopaistia, perunavoita, paistinkastia, paahdettuja juureksia sekä suolakurkkua ja tervattua puolukkaa.
HARALDIN TERVAINEN L (SISÄLTÄÄ GLUTEENITONTA KAURAA)
Haraldin tervajäätelöä, vaahterasiirappia, pähkinä-kauragranolaa ja kauden marjoja.
  KUNINKAAN KESTIT KAHDELLE – 140,40 €. LISÄVIIKINKI – 70,20 €/HLÖ
VALMISTETAAN VÄHINTÄÄN KAHDELLE
AASOJEN ALKUKILPI L
Päreelle poimitaan revittyä naudanposkea, isokauriinsalamia, broilerin sydäntä, tervattua silakkaa, marinoitua jokirapua sekä punajuurigraavattua lohta. Lisäksi raikasta salaattia ja metsämarjavinegretteä, ituja, pikkelöityä tomaattia, mummon fenkolikurkkua, retiisiä, belugalinssejä ja hunajamelonisalsaa sekä paistettua Saloniemen vuohenmaitojuustoa. Punajuuririeskaa ja saaristolaisleipää sekä raparperihilloketta, savuhirvimoussea ja kuivaliharouhetta, skyr-kananmunakastiketta ja merileväkaviaaria.
BALDURIN KILPI  G
Kilvelle kerätään karitsan rosvopaistia, isokauriin entrecotea, pariloitua broilerinrintaa ja mausteista rypsipossunkylkeä vierellään kermaista juustoperunaa, Viikinkien kilpiperunaa ja paahdettuja juureksia, Viisauden viinikastia, paistinkastia sekä raparperihilloketta.
VAANIEN JÄLKIKILPI L
Makean nälkään koottiin pirtin parhaimmat tarjolle: Valhalla-nougatkuorrutettua suklaakakkua ja pähkinä-kauragranolaa, paistettuja lettuja, sokerihuurrettua riisipiirakkaa, tyrni-suklaakonvehteja, tervajäätelöä, mansikka-raparperisorbettia ja kettukarkkijäätelöä, kirnupiimämoussea, mansikkahilloa sekä korvapuustimoussea.
  ALKUHYVÄT
VÖLAN VIHREÄ SALAATTI VE – 6,90 €
Raikasta salaattia ja metsämarjavinegretteä, ituja, pikkelöityä tomaattia, mummon fenkolikurkkuja, retiisiä, belugalinssejä, hunajamelonisalsaa sekä punajuuririeskaa.
  LINNAVUOREN JUUSTOSALAATTI L
Alkuun – 9,90 €
Pääruuaksi – 19,60 €
Paistettua Saloniemen vuohenmaitojuustoa sekä piparjuurihummusta, raikasta salaattia ja metsämarjavinegretteä, ituja, pikkelöityä tomaattia, mummon fenkolikurkkua, retiisiä, belugalinssejä ja hunajamelonisalsaa sekä punajuuririeskaa.
          3. SKALDIN PAREMPI LOHISALAATTI L
Alkuun – 10,80 €
Pääruuaksi – 17,90 €
Punajuurigraavattua lohta, jokirapua ja merileväkaviaaria. Lisäksi marinoitua sydänsalaattia, ituja, skyr-kananmunakastiketta sekä punajuuririeskaa.
  HOVIN PAREMPI KANASALAATTI L
Alkuun – 11,60 €
Pääruuaksi – 18,40 €
Friteerattua broileria, paistettua Saloniemen vuohenmaitojuustoa ja piparjuurihummusta, marinoitua sydänsalaattia, pikkelöityä tomaattia ja retiisiä sekä punajuuririeskaa koristettuna metsämarjavinegretellä.
  SIENIKEITTOA EMBLAN PADASTA L
Alkuun – 11,30 €
Pääruuaksi – 16,20 €
Kermaisen pehmeää sienikeittoa kauden sienistä, paahdettua saaristolais­leipää ja kirnuvoita.
  EVAKON LOHIPIIRAKKA M – 10,90 €
Riisipiirakan päälle kootaan punajuurigraavattua lohta, mummon fenkoli­kurkkuja ja ituja vierellään sinappihummusta ja jokirapuja.
  PIIKA-PLIKAN ALKUHYVÄ L – 14,60 €
Punajuurigraavattua lohta, tervasilakkaa, revittyä naudanposkea, isokauriin­salamia, sinappihummusta, mummon fenkolikurkkua, ituja ja retiisiä sekä saaristolaisleivällä savuhirvimoussea
  AASOJEN ALKUKILPI KAHDELLE L – 34,60 €. LISÄVIIKINKI – 17,30 €/HLÖ
VALMISTETAAN VÄHINTÄÄN KAHDELLE
Päreelle poimitaan revittyä naudanposkea, isokauriinsalamia, broilerin sydäntä, tervattua silakkaa, marinoitua jokirapua sekä punajuurigraavattua lohta. Lisäksi raikasta salaattia ja metsämarjavinegretteä, ituja, pikkelöityä tomaattia, mummon fenkolikurkkua, retiisiä, belugalinssejä ja hunajameloni­salsaa sekä paistettua Saloniemen vuohenmaitojuustoa. Punajuuririeskaa ja saaristolaisleipää sekä raparperihilloketta, savuhirvimoussea ja kuivaliha­rouhetta, skyr-kananmunakastiketta ja merileväkaviaaria.
    PÄÄHYVÄT
TERVANPOLTTAJAN TEMPEPIHVI VE, M – 26,20 €
Terva-bbq-marinoitua hernetempepihviä ja paistettua sydänsalaattia, paistos mustasta kvinoasta, kaurasta ja soijapavuista, savumantelikastia, sinappi­hummusta ja punajuuririeskaa.
  ANDVARIN LOHTA L, G – 27,30 €
Paistettua merilohta, jokirapuja ja merileväkaviaaria, perunavoita sekä yrttiöljyssä paistettuja kauden kasviksia ja skyr-kananmunakastiketta.
  BROILERIA BIRKAN TARHASTA L, G – 24,60 €
Pariloitua broilerinrintaa ja paistettua Kolatun vuohenjuustocheddaria, Viikinkien kilpiperunaa, karhunvatukkakastia, paahdettuja juureksia sekä raparperihilloketta.
  MIELIKIN METSÄKYYHKYÄ M – 28,40 €
Kyyhkynrintaa, karhunvatukkakastia ja paistosta mustasta kvinoasta, kaurasta ja soijapavuista, aprikoosi-sipulihilloketta sekä paahdettuja juureksia.
  VILHELM PITKÄPUUKON POSSUA G
200 g – 22,30 €
400 g – 32,70 €
Mausteista rypsipossunkylkeä, pariloitua porsaan etuselkää, kermaista juustoperunaa, savumantelikastia, aprikoosi-sipulihilloketta sekä yrttiöljyssä paistettuja kauden kasviksia.
  BARBAARIEN HIRVIBURGERI L – 23,90 €
(+2 € gluteenittomana)
Paahdetun perunasämpylän väliin kootaan 180 g hirvipihviä ja reilu siivu mausteista rypsipossunkylkeä, Kolatun vuohenjuustocheddaria, raikasta salaattia, viikinkien terva-bbq-kastiketta, suolakurkkua sekä talon majoneesia vierellään Viikinkien kilpiperunaa.
  POHJOLAN SOTURIN TALKOOPANNU G – 26,90 €
Pannulle kootaan ylikypsää isokauriin entrecotea, pariloitua mausteista rypsipossunkylkeä, riista-chorizomakkaraa, kermaista juustoperunaa, paistinkastia, suolakurkkua ja paahdettuja juureksia.
  HÄRÄNPIHVIÄ DAANIEN TAPAAN M, G
150 g – 28,90 €
300 g – 37,90 €
Viipaloitua Black Angus- härän Petit tenderiä ja kuivaliharouhetta, Viikinkien kilpiperunaa, Viisauden viinikastia sekä paahdettuja juureksia ja sinappi­hummusta.
  ROIHUJEN RANNIKON ROSVOPAISTIA L, G – 28,60 €
Karitsan rosvopaistia, perunavoita, paistinkastia, paahdettuja juureksia sekä suolakurkkua ja tervattua puolukkaa.
  POROA JA PEURAA OLAVI PYHÄN HOVISTA L, G – 38,90 €
Mureaa poron sisäfileetä sekä kuusipeuran ulkofileetä, savuhirvimoussea ja kuivaliharouhetta, perunavoita, kermaista sienikastiketta, paistinkastia, tervattua puolukkaa ja paahdettuja juureksia.
  BALDURIN KILPI KAHDELLE G – 69,60 €. LISÄVIIKINKI – 34,80 €/HLÖ
VALMISTETAAN VÄHINTÄÄN KAHDELLE
Kilvelle kerätään karitsan rosvopaistia, isokauriin entrecotea, pariloitua broilerinrintaa ja mausteista rypsipossunkylkeä vierellään kermaista juusto­perunaa, Viikinkien kilpiperunaa ja paahdettuja juureksia, Viisauden viini -kastia, paistinkastia sekä raparperihilloketta.
  YMIR JÄTTILÄISEN RIISTAMIEKKA G
Yhdelle 43,50 €
Kahdelle 86,80 €
Miekkaan pujotetaan poron sisäfileetä, kuusipeuran ulkofileetä, kyyhkyn­rintaa, riista-chorizomakkaraa sekä paprikaa ja kesäkurpitsaa. Vierellä kermaista juustoperunaa, Viikinkien kilpiperunaa ja paahdettuja juureksia, sienikastia, karhunvatukkakastia sekä aprikoosi-sipulihilloketta.
  JÄLKIHYVÄT
VAANIEN JÄLKIKILPI KAHDELLE L – 37,80 €. LISÄVIIKINKI – 18,90 €/HLÖ
Gluteenittomana +1 €/hlö
VALMISTETAAN VÄHINTÄÄN KAHDELLE
Makean nälkään koottiin pirtin parhaimmat tarjolle: Valhalla-nougatkuorrutettua suklaakakkua ja pähkinä-kauragranolaa, paistettuja lettuja, sokerihuurrettua riisipiirakkaa, tyrni-suklaakonvehteja, tervajäätelöä, mansikka-raparperisorbettia ja kettukarkkijäätelöä, kirnu­piimämoussea, mansikkahilloa sekä korvapuustimoussea.
  HARALDIN TERVAINEN L – 9,60 €
(sisältää gluteenitonta kauraa)
Haraldin tervajäätelöä, vaahterasiirappia, pähkinä-kauragranolaa ja kauden marjoja.
  VALHALLAN SUKLAAKAKKUA L – 10,20 €
(sisältää gluteenitonta kauraa)
Valhalla-nougatkuorrutettua suklaakakkua ja mansikka-raparperisorbettia koristettuna pähkinä-kauragranolalla ja kauden marjoilla
  HUNAJASUUN RIISIPIIRAKKA VE, M – 10,20 €
Sokerihuurrettu riisipiirakka, korvapuustimoussea ja mansikkahilloa sekä kauden marjoja.
  SILKKIPARRAN JÄLKIRUOKAPÄRE L – 16,50 €
Gluteenittomana +1 €
Kasattiin päreelle kaikkea hyvää: Valhalla-nougatkuorrutettua suklaa­kakkua, paistettu lettu, kettukarkkijäätelöä, kirnupiimämoussea, kauden marjoja ja mansikkahilloa.
  HALTIJAVÄEN RÄISKÄLEET L – 12,90 €
Gluteenittomana +2 €
Paistettuja lettuja ja kirnupiimämoussea kettukarkkijäätelön, kauden marjojen ja mansikkahillon kera.
  LETTUKESTIT L – 20,90 €
(yhteiseen lettunälkään 2–3 hlö)
Gluteenittomana +5 €
Paistettuja lettuja ja vaahterasiirappia, mansikka-raparperisorbettia, kauden marjojen ja mansikkahillon kera.
  JÄÄJÄTTILÄISEN JÄÄTELÖT:
1 pallo – 4,80 €
2 palloa – 7,20 €
VALITSE MIELEISESI NÄISTÄ:
Tervajäätelö, kettukarkkijäätelö tai vaniljajäätelö L
Maidoton suklaajäätelö tai mansikka-raparperisorbetti M
JÄÄTELÖN SEURAKSI:
kauden marjoja, mansikkahillo, suklaakastike, vaahterasiirappi
  PIENTÄ MAKEAA KAHVIN KYLKEEN G – 2,30 €
Haraldin tyrni- suklaakonvehti
Käsintehty suklaakonvehti Mercedes Chocolaterien suklaatehtaalta Ahvenanmaalta
  WWW.RAVINTOLAHARALD.FI
Pidätämme oikeuden hinnanmuutoksiin.' into text field 'id=body'.</msg>
<status status="PASS" starttime="20220905 14:34:47.791" endtime="20220905 14:34:57.258"/>
</kw>
<kw name="Sleep" library="BuiltIn">
<arg>10s</arg>
<doc>Pauses the test executed for the given time.</doc>
<msg timestamp="20220905 14:35:07.273" level="INFO">Slept 10 seconds</msg>
<status status="PASS" starttime="20220905 14:34:57.259" endtime="20220905 14:35:07.273"/>
</kw>
<kw name="Unselect Frame" library="SeleniumLibrary">
<doc>Sets the main frame as the current frame.</doc>
<status status="PASS" starttime="20220905 14:35:07.274" endtime="20220905 14:35:07.280"/>
</kw>
<kw name="Select Frame" library="SeleniumLibrary">
<arg>xpath=//*[@id="thirdPartyFrame_mail"]</arg>
<doc>Sets frame identified by ``locator`` as the current frame.</doc>
<msg timestamp="20220905 14:35:07.281" level="INFO">Selecting frame 'xpath=//*[@id="thirdPartyFrame_mail"]'.</msg>
<status status="PASS" starttime="20220905 14:35:07.280" endtime="20220905 14:35:07.325"/>
</kw>
<kw name="Click Element" library="SeleniumLibrary">
<arg>id=compose-form-submit-send</arg>
<doc>Click the element identified by ``locator``.</doc>
<msg timestamp="20220905 14:35:07.327" level="INFO">Clicking element 'id=compose-form-submit-send'.</msg>
<status status="PASS" starttime="20220905 14:35:07.326" endtime="20220905 14:35:07.481"/>
</kw>
<status status="PASS" starttime="20220905 14:34:47.789" endtime="20220905 14:35:07.481"/>
</kw>
<kw name="End webtest" library="Common" type="TEARDOWN">
<kw name="Sleep" library="BuiltIn">
<arg>5s</arg>
<doc>Pauses the test executed for the given time.</doc>
<msg timestamp="20220905 14:35:12.497" level="INFO">Slept 5 seconds</msg>
<status status="PASS" starttime="20220905 14:35:07.484" endtime="20220905 14:35:12.497"/>
</kw>
<kw name="Close Browser" library="SeleniumLibrary">
<doc>Closes the current browser.</doc>
<status status="PASS" starttime="20220905 14:35:12.498" endtime="20220905 14:35:14.747"/>
</kw>
<status status="PASS" starttime="20220905 14:35:07.483" endtime="20220905 14:35:14.747"/>
</kw>
<tag>4</tag>
<status status="PASS" starttime="20220905 14:34:25.070" endtime="20220905 14:35:14.748"/>
</test>
<status status="PASS" starttime="20220905 14:32:53.135" endtime="20220905 14:35:14.751"/>
</suite>
<statistics>
<total>
<stat pass="4" fail="0" skip="0">All Tests</stat>
</total>
<tag>
<stat pass="1" fail="0" skip="0">1</stat>
<stat pass="1" fail="0" skip="0">2</stat>
<stat pass="1" fail="0" skip="0">3</stat>
<stat pass="1" fail="0" skip="0">4</stat>
</tag>
<suite>
<stat pass="4" fail="0" skip="0" id="s1" name="TC">TC</stat>
</suite>
</statistics>
<errors>
</errors>
</robot>
